<?xml version="1.0" encoding="UTF-8"?>
<testsuite name="org.tsukue.TsukueTest$DeskTest" tests="2" skipped="0" failures="0" errors="0" timestamp="2024-03-28T16:37:10" hostname="matsunoakiranoMacBook-Pro.local" time="0.004">
  <properties/>
  <testcase name="WorkingDeskが構築されること()" classname="org.tsukue.TsukueTest$DeskTest" time="0.002"/>
  <testcase name="StandingDeskが構築されること()" classname="org.tsukue.TsukueTest$DeskTest" time="0.002"/>
  <system-out><![CDATA[]]></system-out>
  <system-err><![CDATA[]]></system-err>
</testsuite>
