<?xml version="1.0" encoding="UTF-8"?>
<testsuite name="org.tsukue.TsukueTest$TableTest" tests="1" skipped="0" failures="0" errors="0" timestamp="2024-03-28T16:31:43" hostname="matsunoakiranoMacBook-Pro.local" time="0.02">
  <properties/>
  <testcase name="WorkingTableが構築されること()" classname="org.tsukue.TsukueTest$TableTest" time="0.02"/>
  <system-out><![CDATA[]]></system-out>
  <system-err><![CDATA[]]></system-err>
</testsuite>
