<?xml version="1.0" encoding="UTF-8"?>
<testsuite name="org.tsukue.TsukueTest$DeskTest" tests="1" skipped="0" failures="0" errors="0" timestamp="2024-03-28T16:21:40" hostname="matsunoakiranoMacBook-Pro.local" time="0.018">
  <properties/>
  <testcase name="Deskが構築されること()" classname="org.tsukue.TsukueTest$DeskTest" time="0.018"/>
  <system-out><![CDATA[]]></system-out>
  <system-err><![CDATA[]]></system-err>
</testsuite>
