<?xml version="1.0" encoding="UTF-8"?>
<testsuite name="org.tsukue.TsukueTest$TableTest" tests="1" skipped="0" failures="0" errors="0" timestamp="2024-03-28T15:34:24" hostname="matsunoakiranoMacBook-Pro.local" time="0.014">
  <properties/>
  <testcase name="Tableが構築されること()" classname="org.tsukue.TsukueTest$TableTest" time="0.014"/>
  <system-out><![CDATA[]]></system-out>
  <system-err><![CDATA[]]></system-err>
</testsuite>
