<?xml version="1.0" encoding="UTF-8"?>
<testsuite name="RemoteControllerTest$除湿運転" tests="2" skipped="0" failures="0" errors="0" timestamp="2024-04-24T11:19:30" hostname="matsunoakiranoMacBook-Pro.local" time="0.013">
  <properties/>
  <testcase name="室内湿度50パーセントの時に除湿40パーセントにすると室温が室内湿度40パーセントになる()" classname="RemoteControllerTest$除湿運転" time="0.012"/>
  <testcase name="室内湿度50パーセントの時に除湿60パーセントにすると室温が室内湿度50パーセントになる()" classname="RemoteControllerTest$除湿運転" time="0.001"/>
  <system-out><![CDATA[]]></system-out>
  <system-err><![CDATA[]]></system-err>
</testsuite>
